<?xml version="1.0" encoding="UTF-8"?>
<!-- Generated by org.testng.reporters.JUnitXMLReporter -->
<testsuite ignored="3" hostname="GB5CG8397K6N" failures="0" tests="2" name="Car loan" time="0.014" errors="0" timestamp="2019-09-29T17:13:20 BST">
  <testcase classname="test.demo3" name="carloan" time="0.003"/>
  <testcase classname="test.demo3" name="loginAPI" time="0.002"/>
  <testcase classname="test.demo3" name="mobiledeviseloan" time="0.0">
    <ignored/>
  </testcase> <!-- mobiledeviseloan -->
  <testcase classname="test.demo3" name="mobileapploan" time="0.0">
    <ignored/>
  </testcase> <!-- mobileapploan -->
  <testcase classname="test.demo3" name="mobileappcarloan" time="0.0">
    <ignored/>
  </testcase> <!-- mobileappcarloan -->
</testsuite> <!-- Car loan -->
