<?xml version="1.0" encoding="UTF-8"?>
<!-- Generated by org.testng.reporters.JUnitXMLReporter -->
<testsuite ignored="2" hostname="GB5CG8397K6N" failures="0" tests="1" name="login" time="0.01" errors="0" timestamp="2019-09-29T17:13:19 BST">
  <testcase classname="test.demo4" name="HomeAPIlogin" time="0.003"/>
  <testcase classname="test.demo4" name="Homeloan" time="0.0">
    <ignored/>
  </testcase> <!-- Homeloan -->
  <testcase classname="test.demo4" name="mobileappHomeloan" time="0.0">
    <ignored/>
  </testcase> <!-- mobileappHomeloan -->
</testsuite> <!-- login -->
