<?xml version="1.0" encoding="UTF-8"?>
<!-- Generated by org.testng.reporters.JUnitXMLReporter -->
<testsuite ignored="0" hostname="GB5CG8397K6N" failures="0" tests="12" name="Personal Loan" time="0.138" errors="0" timestamp="2019-09-30T16:36:11 BST">
  <testcase classname="test.demo1" name="Demo" time="0.011"/>
  <testcase classname="test.demo1" name="testcase" time="0.003"/>
  <testcase classname="test.demo2" name="personal" time="0.003"/>
  <testcase classname="test.demo2" name="ploan" time="0.002"/>
  <testcase classname="test.demo3" name="carloan" time="0.002"/>
  <testcase classname="test.demo3" name="loginAPI" time="0.001"/>
  <testcase classname="test.demo3" name="mobileappcarloan" time="0.003"/>
  <testcase classname="test.demo3" name="mobileapploan" time="0.002"/>
  <testcase classname="test.demo3" name="mobiledeviseloan" time="0.002"/>
  <testcase classname="test.demo4" name="HomeAPIlogin" time="0.003"/>
  <testcase classname="test.demo4" name="Homeloan" time="0.002"/>
  <testcase classname="test.demo4" name="mobileappHomeloan" time="0.001"/>
</testsuite> <!-- Personal Loan -->
