<?xml version="1.0" encoding="UTF-8"?>
<!-- Generated by org.testng.reporters.JUnitXMLReporter -->
<testsuite ignored="9" hostname="GB5CG8397K6N" failures="0" tests="3" name="Regression" time="0.072" errors="0" timestamp="2019-09-30T17:08:25 BST">
  <testcase classname="test.demo1" name="testcase" time="0.013"/>
  <testcase classname="test.demo3" name="mobileapploan" time="0.001"/>
  <testcase classname="test.demo4" name="mobileappHomeloan" time="0.001"/>
  <testcase classname="test.demo4" name="Homeloan" time="0.0">
    <ignored/>
  </testcase> <!-- Homeloan -->
  <testcase classname="test.demo1" name="Demo" time="0.0">
    <ignored/>
  </testcase> <!-- Demo -->
  <testcase classname="test.demo3" name="mobiledeviseloan" time="0.0">
    <ignored/>
  </testcase> <!-- mobiledeviseloan -->
  <testcase classname="test.demo3" name="loginAPI" time="0.0">
    <ignored/>
  </testcase> <!-- loginAPI -->
  <testcase classname="test.demo4" name="HomeAPIlogin" time="0.0">
    <ignored/>
  </testcase> <!-- HomeAPIlogin -->
  <testcase classname="test.demo2" name="ploan" time="0.0">
    <ignored/>
  </testcase> <!-- ploan -->
  <testcase classname="test.demo3" name="carloan" time="0.0">
    <ignored/>
  </testcase> <!-- carloan -->
  <testcase classname="test.demo3" name="mobileappcarloan" time="0.0">
    <ignored/>
  </testcase> <!-- mobileappcarloan -->
  <testcase classname="test.demo2" name="personal" time="0.0">
    <ignored/>
  </testcase> <!-- personal -->
</testsuite> <!-- Regression -->
